<?xml version="1.0" encoding="UTF-8"?>
<!-- Generated by org.testng.reporters.JUnitReportReporter -->
<testsuite skipped="0" hostname="Chriss-MBP.attlocal.net" name="com.qa.subispeed.test.HomePageTest" tests="1" failures="0" timestamp="2020-08-06T17:41:15 EDT" time="6.015" errors="0">
  <testcase name="verifyWRXLinkTest" time="6.015" classname="com.qa.subispeed.test.HomePageTest"/>
</testsuite> <!-- com.qa.subispeed.test.HomePageTest -->
