<?xml version="1.0" encoding="UTF-8"?>
<!-- Generated by org.testng.reporters.JUnitReportReporter -->
<testsuite skipped="0" hostname="Chriss-MBP.attlocal.net" name="com.qa.subispeed.test.HomePageTest" tests="1" failures="0" timestamp="2020-08-06T17:58:20 EDT" time="5.857" errors="0">
  <testcase name="verifyWRXLinkTest" time="5.857" classname="com.qa.subispeed.test.HomePageTest"/>
</testsuite> <!-- com.qa.subispeed.test.HomePageTest -->
