<?xml version="1.0" encoding="UTF-8"?>
<!-- Generated by org.testng.reporters.JUnitReportReporter -->
<testsuite skipped="0" hostname="Chriss-MacBook-Pro.local" name="com.qa.subispeed.test.HomePageTest" tests="1" failures="0" timestamp="2020-07-20T17:48:03 EDT" time="5.505" errors="0">
  <testcase name="verifyWRXLinkTest" time="5.505" classname="com.qa.subispeed.test.HomePageTest"/>
</testsuite> <!-- com.qa.subispeed.test.HomePageTest -->
