<?xml version="1.0" encoding="UTF-8"?>
<!-- Generated by org.testng.reporters.JUnitReportReporter -->
<testsuite hostname="Chriss-MBP.attlocal.net" failures="0" tests="1" name="com.qa.subispeed.test.HomePageTest" time="5.206" errors="0" timestamp="2020-08-06T17:59:01 EDT" skipped="0">
  <testcase classname="com.qa.subispeed.test.HomePageTest" name="verifyWRXLinkTest" time="5.206"/>
  <system-out/>
</testsuite> <!-- com.qa.subispeed.test.HomePageTest -->
