<?xml version="1.0" encoding="UTF-8"?>
<!-- Generated by org.testng.reporters.JUnitReportReporter -->
<testsuite hostname="Chriss-MacBook-Pro.local" failures="0" tests="1" name="com.qa.subispeed.test.HomePageTest" time="6.094" errors="0" timestamp="2020-07-19T17:49:13 EDT" skipped="0">
  <testcase classname="com.qa.subispeed.test.HomePageTest" name="verifyWRXLinkTest" time="6.094"/>
  <system-out/>
</testsuite> <!-- com.qa.subispeed.test.HomePageTest -->
