<?xml version="1.0" encoding="UTF-8"?>
<!-- Generated by org.testng.reporters.JUnitReportReporter -->
<testsuite skipped="0" hostname="Chriss-MacBook-Pro.local" name="com.qa.subispeed.test.HomePageTest" tests="1" failures="0" timestamp="2020-07-19T17:58:48 EDT" time="5.301" errors="0">
  <testcase name="verifyWRXLinkTest" time="5.301" classname="com.qa.subispeed.test.HomePageTest"/>
  <system-out/>
</testsuite> <!-- com.qa.subispeed.test.HomePageTest -->
