<?xml version="1.0" encoding="UTF-8"?>
<!-- Generated by org.testng.reporters.JUnitReportReporter -->
<testsuite skipped="0" hostname="Chriss-MBP.attlocal.net" name="com.qa.subispeed.test.HomePageTest" tests="1" failures="0" timestamp="2020-08-06T17:44:37 EDT" time="4.944" errors="0">
  <testcase name="verifyWRXLinkTest" time="4.944" classname="com.qa.subispeed.test.HomePageTest"/>
  <system-out/>
</testsuite> <!-- com.qa.subispeed.test.HomePageTest -->
