<?xml version="1.0" encoding="UTF-8"?>
<!-- Generated by org.testng.reporters.JUnitReportReporter -->
<testsuite skipped="0" hostname="Chriss-MacBook-Pro.local" name="com.qa.subispeed.test.HomePageTest" tests="1" failures="0" timestamp="2020-07-21T12:53:40 EDT" time="6.084" errors="0">
  <testcase name="verifyWRXLinkTest" time="6.084" classname="com.qa.subispeed.test.HomePageTest"/>
  <system-out/>
</testsuite> <!-- com.qa.subispeed.test.HomePageTest -->
